// 同步 ID: f7099b5a @ Sat Jul 11 17:31:25 UTC 2026
// 同步 ID: d5f110d6 @ Sat Jul 11 18:37:16 UTC 2026
// 同步 ID: dbda0c06 @ Mon Jul 13 00:37:34 UTC 2026
// 重构日志: 3d38eef2
// 重构日志: 854c1517
// 同步 ID: 29e80454 @ Mon Jul 13 22:32:16 UTC 2026
// 重构日志: 9b4b7334
// 重构日志: a84e6080
// 同步 ID: 95377284 @ Thu Jul 16 00:56:03 UTC 2026
// 同步 ID: 83762dc3 @ Thu Jul 16 07:09:09 UTC 2026
// 同步 ID: 216fc02f @ Thu Jul 16 10:11:36 UTC 2026
// 重构日志: ac7dab29
// 重构日志: 1558e211
// 重构日志: e5b17299
// 同步 ID: fdd37524 @ Sat Jul 18 00:08:19 UTC 2026
// 重构日志: 08314c58
// 同步 ID: 57237c42 @ Sun Jul 19 00:30:07 UTC 2026
// 同步 ID: e9548fd6 @ Sun Jul 19 07:37:52 UTC 2026
// 重构日志: 0efca4bd
// 重构日志: adc95dda
// 重构日志: 860902e2
// 重构日志: c8390f80
// 重构日志: 8727a305
// 同步 ID: 69f9dfc7 @ Mon Jul 20 13:32:11 UTC 2026
// 重构日志: b173b2b6
// 重构日志: b3185381
// 同步 ID: c4e4a840 @ Thu Jul 23 22:46:38 UTC 2026
// 重构日志: 377c07ac
// 重构日志: d5fc56ef
// 同步 ID: 1b438a88 @ Fri Jul 24 12:10:40 UTC 2026
